[   17517ms] [INFO] %cDownload the React DevTools for a better development experience: https://react.dev/link/react-devtools font-weight:bold @ http://localhost:5173/node_modules/.vite/deps/react-dom_client.js?v=3009d974:20102
[   17717ms] [WARNING] [PostHog.js] No `apiKey` or `client` were provided to `PostHogProvider`. Using default global `window.posthog` instance. You must initialize it manually. This is not recommended behavior. @ http://localhost:5173/node_modules/.vite/deps/posthog-js_react.js?v=3009d974:73
[   17717ms] [WARNING] [PostHog.js] No `apiKey` or `client` were provided to `PostHogProvider`. Using default global `window.posthog` instance. You must initialize it manually. This is not recommended behavior. @ http://localhost:5173/node_modules/.vite/deps/posthog-js_react.js?v=3009d974:73
[   17835ms] [ERROR] Failed to get available providers: TypeError: Cannot read properties of undefined (reading 'invoke')
    at loadProviders (http://localhost:5173/src/hooks/useConnectors.ts:34:41)
    at http://localhost:5173/src/hooks/useConnectors.ts:43:5
    at Object.react_stack_bottom_frame (http://localhost:5173/node_modules/.vite/deps/react-dom_client.js?v=3009d974:18567:20)
    at runWithFiberInDEV (http://localhost:5173/node_modules/.vite/deps/react-dom_client.js?v=3009d974:997:72)
    at commitHookEffectListMount (http://localhost:5173/node_modules/.vite/deps/react-dom_client.js?v=3009d974:9411:163)
    at commitHookPassiveMountEffects (http://localhost:5173/node_modules/.vite/deps/react-dom_client.js?v=3009d974:9465:60)
    at commitPassiveMountOnFiber (http://localhost:5173/node_modules/.vite/deps/react-dom_client.js?v=3009d974:11040:29)
    at recursivelyTraversePassiveMountEffects (http://localhost:5173/node_modules/.vite/deps/react-dom_client.js?v=3009d974:11010:13)
    at commitPassiveMountOnFiber (http://localhost:5173/node_modules/.vite/deps/react-dom_client.js?v=3009d974:11201:13)
    at recursivelyTraversePassiveMountEffects (http://localhost:5173/node_modules/.vite/deps/react-dom_client.js?v=3009d974:11010:13) @ http://localhost:5173/src/hooks/useConnectors.ts:36
[   17876ms] [ERROR] [PostHog.js] PostHog was initialized without a token. This likely indicates a misconfiguration. Please check the first argument passed to posthog.init() @ http://localhost:5173/node_modules/.vite/deps/chunk-QXGULMRO.js?v=3009d974:637
[   17879ms] [ERROR] Failed to get available providers: TypeError: Cannot read properties of undefined (reading 'invoke')
    at loadProviders (http://localhost:5173/src/hooks/useConnectors.ts:34:41)
    at http://localhost:5173/src/hooks/useConnectors.ts:43:5
    at Object.react_stack_bottom_frame (http://localhost:5173/node_modules/.vite/deps/react-dom_client.js?v=3009d974:18567:20)
    at runWithFiberInDEV (http://localhost:5173/node_modules/.vite/deps/react-dom_client.js?v=3009d974:997:72)
    at commitHookEffectListMount (http://localhost:5173/node_modules/.vite/deps/react-dom_client.js?v=3009d974:9411:163)
    at commitHookPassiveMountEffects (http://localhost:5173/node_modules/.vite/deps/react-dom_client.js?v=3009d974:9465:60)
    at reconnectPassiveEffects (http://localhost:5173/node_modules/.vite/deps/react-dom_client.js?v=3009d974:11273:13)
    at recursivelyTraverseReconnectPassiveEffects (http://localhost:5173/node_modules/.vite/deps/react-dom_client.js?v=3009d974:11240:11)
    at reconnectPassiveEffects (http://localhost:5173/node_modules/.vite/deps/react-dom_client.js?v=3009d974:11317:13)
    at recursivelyTraverseReconnectPassiveEffects (http://localhost:5173/node_modules/.vite/deps/react-dom_client.js?v=3009d974:11240:11) @ http://localhost:5173/src/hooks/useConnectors.ts:36
[   17886ms] TypeError: Cannot read properties of undefined (reading 'on')
    at http://localhost:5173/src/hooks/useConnectors.ts:296:32
    at Object.react_stack_bottom_frame (http://localhost:5173/node_modules/.vite/deps/react-dom_client.js?v=3009d974:18567:20)
    at runWithFiberInDEV (http://localhost:5173/node_modules/.vite/deps/react-dom_client.js?v=3009d974:997:72)
    at commitHookEffectListMount (http://localhost:5173/node_modules/.vite/deps/react-dom_client.js?v=3009d974:9411:163)
    at commitHookPassiveMountEffects (http://localhost:5173/node_modules/.vite/deps/react-dom_client.js?v=3009d974:9465:60)
    at commitPassiveMountOnFiber (http://localhost:5173/node_modules/.vite/deps/react-dom_client.js?v=3009d974:11040:29)
    at recursivelyTraversePassiveMountEffects (http://localhost:5173/node_modules/.vite/deps/react-dom_client.js?v=3009d974:11010:13)
    at commitPassiveMountOnFiber (http://localhost:5173/node_modules/.vite/deps/react-dom_client.js?v=3009d974:11201:13)
    at recursivelyTraversePassiveMountEffects (http://localhost:5173/node_modules/.vite/deps/react-dom_client.js?v=3009d974:11010:13)
    at commitPassiveMountOnFiber (http://localhost:5173/node_modules/.vite/deps/react-dom_client.js?v=3009d974:11201:13)
[   17885ms] [WARNING] %s

%s
 An error occurred in the <ConnectorsPopover> component. Consider adding an error boundary to your tree to customize error handling behavior.
Visit https://react.dev/link/error-boundaries to learn more about error boundaries. @ http://localhost:5173/node_modules/.vite/deps/react-dom_client.js?v=3009d974:6965
[   17887ms] TypeError: Cannot read properties of undefined (reading 'on')
    at http://localhost:5173/src/components/sidebar-content.tsx:151:32
    at Object.react_stack_bottom_frame (http://localhost:5173/node_modules/.vite/deps/react-dom_client.js?v=3009d974:18567:20)
    at runWithFiberInDEV (http://localhost:5173/node_modules/.vite/deps/react-dom_client.js?v=3009d974:997:72)
    at commitHookEffectListMount (http://localhost:5173/node_modules/.vite/deps/react-dom_client.js?v=3009d974:9411:163)
    at commitHookPassiveMountEffects (http://localhost:5173/node_modules/.vite/deps/react-dom_client.js?v=3009d974:9465:60)
    at commitPassiveMountOnFiber (http://localhost:5173/node_modules/.vite/deps/react-dom_client.js?v=3009d974:11040:29)
    at recursivelyTraversePassiveMountEffects (http://localhost:5173/node_modules/.vite/deps/react-dom_client.js?v=3009d974:11010:13)
    at commitPassiveMountOnFiber (http://localhost:5173/node_modules/.vite/deps/react-dom_client.js?v=3009d974:11201:13)
    at recursivelyTraversePassiveMountEffects (http://localhost:5173/node_modules/.vite/deps/react-dom_client.js?v=3009d974:11010:13)
    at commitPassiveMountOnFiber (http://localhost:5173/node_modules/.vite/deps/react-dom_client.js?v=3009d974:11201:13)
[   17886ms] [WARNING] %s

%s
 An error occurred in the <SyncStatusBar> component. Consider adding an error boundary to your tree to customize error handling behavior.
Visit https://react.dev/link/error-boundaries to learn more about error boundaries. @ http://localhost:5173/node_modules/.vite/deps/react-dom_client.js?v=3009d974:6965
[   17889ms] TypeError: Cannot read properties of undefined (reading 'invoke')
    at http://localhost:5173/src/components/sidebar-content.tsx:457:16
    at Object.react_stack_bottom_frame (http://localhost:5173/node_modules/.vite/deps/react-dom_client.js?v=3009d974:18567:20)
    at runWithFiberInDEV (http://localhost:5173/node_modules/.vite/deps/react-dom_client.js?v=3009d974:997:72)
    at commitHookEffectListMount (http://localhost:5173/node_modules/.vite/deps/react-dom_client.js?v=3009d974:9411:163)
    at commitHookPassiveMountEffects (http://localhost:5173/node_modules/.vite/deps/react-dom_client.js?v=3009d974:9465:60)
    at commitPassiveMountOnFiber (http://localhost:5173/node_modules/.vite/deps/react-dom_client.js?v=3009d974:11040:29)
    at recursivelyTraversePassiveMountEffects (http://localhost:5173/node_modules/.vite/deps/react-dom_client.js?v=3009d974:11010:13)
    at commitPassiveMountOnFiber (http://localhost:5173/node_modules/.vite/deps/react-dom_client.js?v=3009d974:11201:13)
    at recursivelyTraversePassiveMountEffects (http://localhost:5173/node_modules/.vite/deps/react-dom_client.js?v=3009d974:11010:13)
    at commitPassiveMountOnFiber (http://localhost:5173/node_modules/.vite/deps/react-dom_client.js?v=3009d974:11201:13)
[   17886ms] [WARNING] %s

%s
 An error occurred in the <SidebarContentPanel> component. Consider adding an error boundary to your tree to customize error handling behavior.
Visit https://react.dev/link/error-boundaries to learn more about error boundaries. @ http://localhost:5173/node_modules/.vite/deps/react-dom_client.js?v=3009d974:6965
[   17889ms] TypeError: Cannot read properties of undefined (reading 'invoke')
    at http://localhost:5173/src/components/chat-input-with-mentions.tsx:153:16
    at Object.react_stack_bottom_frame (http://localhost:5173/node_modules/.vite/deps/react-dom_client.js?v=3009d974:18567:20)
    at runWithFiberInDEV (http://localhost:5173/node_modules/.vite/deps/react-dom_client.js?v=3009d974:997:72)
    at commitHookEffectListMount (http://localhost:5173/node_modules/.vite/deps/react-dom_client.js?v=3009d974:9411:163)
    at commitHookPassiveMountEffects (http://localhost:5173/node_modules/.vite/deps/react-dom_client.js?v=3009d974:9465:60)
    at commitPassiveMountOnFiber (http://localhost:5173/node_modules/.vite/deps/react-dom_client.js?v=3009d974:11040:29)
    at recursivelyTraversePassiveMountEffects (http://localhost:5173/node_modules/.vite/deps/react-dom_client.js?v=3009d974:11010:13)
    at commitPassiveMountOnFiber (http://localhost:5173/node_modules/.vite/deps/react-dom_client.js?v=3009d974:11201:13)
    at recursivelyTraversePassiveMountEffects (http://localhost:5173/node_modules/.vite/deps/react-dom_client.js?v=3009d974:11010:13)
    at commitPassiveMountOnFiber (http://localhost:5173/node_modules/.vite/deps/react-dom_client.js?v=3009d974:11201:13)
[   17887ms] [WARNING] %s

%s
 An error occurred in the <ChatInputInner> component. Consider adding an error boundary to your tree to customize error handling behavior.
Visit https://react.dev/link/error-boundaries to learn more about error boundaries. @ http://localhost:5173/node_modules/.vite/deps/react-dom_client.js?v=3009d974:6965
[   17889ms] TypeError: Cannot read properties of undefined (reading 'on')
    at http://localhost:5173/src/hooks/useAnalyticsIdentity.ts:42:32
    at Object.react_stack_bottom_frame (http://localhost:5173/node_modules/.vite/deps/react-dom_client.js?v=3009d974:18567:20)
    at runWithFiberInDEV (http://localhost:5173/node_modules/.vite/deps/react-dom_client.js?v=3009d974:997:72)
    at commitHookEffectListMount (http://localhost:5173/node_modules/.vite/deps/react-dom_client.js?v=3009d974:9411:163)
    at commitHookPassiveMountEffects (http://localhost:5173/node_modules/.vite/deps/react-dom_client.js?v=3009d974:9465:60)
    at commitPassiveMountOnFiber (http://localhost:5173/node_modules/.vite/deps/react-dom_client.js?v=3009d974:11040:29)
    at recursivelyTraversePassiveMountEffects (http://localhost:5173/node_modules/.vite/deps/react-dom_client.js?v=3009d974:11010:13)
    at commitPassiveMountOnFiber (http://localhost:5173/node_modules/.vite/deps/react-dom_client.js?v=3009d974:11201:13)
    at recursivelyTraversePassiveMountEffects (http://localhost:5173/node_modules/.vite/deps/react-dom_client.js?v=3009d974:11010:13)
    at commitPassiveMountOnFiber (http://localhost:5173/node_modules/.vite/deps/react-dom_client.js?v=3009d974:11033:13)
[   17887ms] [WARNING] %s

%s
 An error occurred in the <App> component. Consider adding an error boundary to your tree to customize error handling behavior.
Visit https://react.dev/link/error-boundaries to learn more about error boundaries. @ http://localhost:5173/node_modules/.vite/deps/react-dom_client.js?v=3009d974:6965
[   17891ms] TypeError: Cannot read properties of undefined (reading 'on')
    at http://localhost:5173/src/hooks/useConnectors.ts:296:32
    at Object.react_stack_bottom_frame (http://localhost:5173/node_modules/.vite/deps/react-dom_client.js?v=3009d974:18567:20)
    at runWithFiberInDEV (http://localhost:5173/node_modules/.vite/deps/react-dom_client.js?v=3009d974:997:72)
    at commitHookEffectListMount (http://localhost:5173/node_modules/.vite/deps/react-dom_client.js?v=3009d974:9411:163)
    at commitHookPassiveMountEffects (http://localhost:5173/node_modules/.vite/deps/react-dom_client.js?v=3009d974:9465:60)
    at reconnectPassiveEffects (http://localhost:5173/node_modules/.vite/deps/react-dom_client.js?v=3009d974:11273:13)
    at recursivelyTraverseReconnectPassiveEffects (http://localhost:5173/node_modules/.vite/deps/react-dom_client.js?v=3009d974:11240:11)
    at reconnectPassiveEffects (http://localhost:5173/node_modules/.vite/deps/react-dom_client.js?v=3009d974:11317:13)
    at recursivelyTraverseReconnectPassiveEffects (http://localhost:5173/node_modules/.vite/deps/react-dom_client.js?v=3009d974:11240:11)
    at reconnectPassiveEffects (http://localhost:5173/node_modules/.vite/deps/react-dom_client.js?v=3009d974:11317:13)
[   17888ms] [WARNING] %s

%s
 An error occurred in the <ConnectorsPopover> component. Consider adding an error boundary to your tree to customize error handling behavior.
Visit https://react.dev/link/error-boundaries to learn more about error boundaries. @ http://localhost:5173/node_modules/.vite/deps/react-dom_client.js?v=3009d974:6965
[   17891ms] TypeError: Cannot read properties of undefined (reading 'on')
    at http://localhost:5173/src/components/sidebar-content.tsx:151:32
    at Object.react_stack_bottom_frame (http://localhost:5173/node_modules/.vite/deps/react-dom_client.js?v=3009d974:18567:20)
    at runWithFiberInDEV (http://localhost:5173/node_modules/.vite/deps/react-dom_client.js?v=3009d974:997:72)
    at commitHookEffectListMount (http://localhost:5173/node_modules/.vite/deps/react-dom_client.js?v=3009d974:9411:163)
    at commitHookPassiveMountEffects (http://localhost:5173/node_modules/.vite/deps/react-dom_client.js?v=3009d974:9465:60)
    at reconnectPassiveEffects (http://localhost:5173/node_modules/.vite/deps/react-dom_client.js?v=3009d974:11273:13)
    at recursivelyTraverseReconnectPassiveEffects (http://localhost:5173/node_modules/.vite/deps/react-dom_client.js?v=3009d974:11240:11)
    at reconnectPassiveEffects (http://localhost:5173/node_modules/.vite/deps/react-dom_client.js?v=3009d974:11317:13)
    at recursivelyTraverseReconnectPassiveEffects (http://localhost:5173/node_modules/.vite/deps/react-dom_client.js?v=3009d974:11240:11)
    at reconnectPassiveEffects (http://localhost:5173/node_modules/.vite/deps/react-dom_client.js?v=3009d974:11317:13)
[   17888ms] [WARNING] %s

%s
 An error occurred in the <SyncStatusBar> component. Consider adding an error boundary to your tree to customize error handling behavior.
Visit https://react.dev/link/error-boundaries to learn more about error boundaries. @ http://localhost:5173/node_modules/.vite/deps/react-dom_client.js?v=3009d974:6965
[   17891ms] TypeError: Cannot read properties of undefined (reading 'invoke')
    at http://localhost:5173/src/components/sidebar-content.tsx:457:16
    at Object.react_stack_bottom_frame (http://localhost:5173/node_modules/.vite/deps/react-dom_client.js?v=3009d974:18567:20)
    at runWithFiberInDEV (http://localhost:5173/node_modules/.vite/deps/react-dom_client.js?v=3009d974:997:72)
    at commitHookEffectListMount (http://localhost:5173/node_modules/.vite/deps/react-dom_client.js?v=3009d974:9411:163)
    at commitHookPassiveMountEffects (http://localhost:5173/node_modules/.vite/deps/react-dom_client.js?v=3009d974:9465:60)
    at reconnectPassiveEffects (http://localhost:5173/node_modules/.vite/deps/react-dom_client.js?v=3009d974:11273:13)
    at recursivelyTraverseReconnectPassiveEffects (http://localhost:5173/node_modules/.vite/deps/react-dom_client.js?v=3009d974:11240:11)
    at reconnectPassiveEffects (http://localhost:5173/node_modules/.vite/deps/react-dom_client.js?v=3009d974:11317:13)
    at recursivelyTraverseReconnectPassiveEffects (http://localhost:5173/node_modules/.vite/deps/react-dom_client.js?v=3009d974:11240:11)
    at reconnectPassiveEffects (http://localhost:5173/node_modules/.vite/deps/react-dom_client.js?v=3009d974:11317:13)
[   17889ms] [WARNING] %s

%s
 An error occurred in the <SidebarContentPanel> component. Consider adding an error boundary to your tree to customize error handling behavior.
Visit https://react.dev/link/error-boundaries to learn more about error boundaries. @ http://localhost:5173/node_modules/.vite/deps/react-dom_client.js?v=3009d974:6965
[   17892ms] TypeError: Cannot read properties of undefined (reading 'invoke')
    at http://localhost:5173/src/components/chat-input-with-mentions.tsx:153:16
    at Object.react_stack_bottom_frame (http://localhost:5173/node_modules/.vite/deps/react-dom_client.js?v=3009d974:18567:20)
    at runWithFiberInDEV (http://localhost:5173/node_modules/.vite/deps/react-dom_client.js?v=3009d974:997:72)
    at commitHookEffectListMount (http://localhost:5173/node_modules/.vite/deps/react-dom_client.js?v=3009d974:9411:163)
    at commitHookPassiveMountEffects (http://localhost:5173/node_modules/.vite/deps/react-dom_client.js?v=3009d974:9465:60)
    at reconnectPassiveEffects (http://localhost:5173/node_modules/.vite/deps/react-dom_client.js?v=3009d974:11273:13)
    at recursivelyTraverseReconnectPassiveEffects (http://localhost:5173/node_modules/.vite/deps/react-dom_client.js?v=3009d974:11240:11)
    at reconnectPassiveEffects (http://localhost:5173/node_modules/.vite/deps/react-dom_client.js?v=3009d974:11317:13)
    at recursivelyTraverseReconnectPassiveEffects (http://localhost:5173/node_modules/.vite/deps/react-dom_client.js?v=3009d974:11240:11)
    at reconnectPassiveEffects (http://localhost:5173/node_modules/.vite/deps/react-dom_client.js?v=3009d974:11317:13)
[   17890ms] [WARNING] %s

%s
 An error occurred in the <ChatInputInner> component. Consider adding an error boundary to your tree to customize error handling behavior.
Visit https://react.dev/link/error-boundaries to learn more about error boundaries. @ http://localhost:5173/node_modules/.vite/deps/react-dom_client.js?v=3009d974:6965
[   17892ms] TypeError: Cannot read properties of undefined (reading 'on')
    at http://localhost:5173/src/hooks/useAnalyticsIdentity.ts:42:32
    at Object.react_stack_bottom_frame (http://localhost:5173/node_modules/.vite/deps/react-dom_client.js?v=3009d974:18567:20)
    at runWithFiberInDEV (http://localhost:5173/node_modules/.vite/deps/react-dom_client.js?v=3009d974:997:72)
    at commitHookEffectListMount (http://localhost:5173/node_modules/.vite/deps/react-dom_client.js?v=3009d974:9411:163)
    at commitHookPassiveMountEffects (http://localhost:5173/node_modules/.vite/deps/react-dom_client.js?v=3009d974:9465:60)
    at reconnectPassiveEffects (http://localhost:5173/node_modules/.vite/deps/react-dom_client.js?v=3009d974:11273:13)
    at recursivelyTraverseReconnectPassiveEffects (http://localhost:5173/node_modules/.vite/deps/react-dom_client.js?v=3009d974:11240:11)
    at reconnectPassiveEffects (http://localhost:5173/node_modules/.vite/deps/react-dom_client.js?v=3009d974:11317:13)
    at recursivelyTraverseReconnectPassiveEffects (http://localhost:5173/node_modules/.vite/deps/react-dom_client.js?v=3009d974:11240:11)
    at reconnectPassiveEffects (http://localhost:5173/node_modules/.vite/deps/react-dom_client.js?v=3009d974:11265:13)
[   17890ms] [WARNING] %s

%s
 An error occurred in the <App> component. Consider adding an error boundary to your tree to customize error handling behavior.
Visit https://react.dev/link/error-boundaries to learn more about error boundaries. @ http://localhost:5173/node_modules/.vite/deps/react-dom_client.js?v=3009d974:6965
